<?xml version="1.0" encoding="UTF-8" standalone="no"?>
<!DOCTYPE svg PUBLIC "-//W3C//DTD SVG 1.1//EN"
 "http://www.w3.org/Graphics/SVG/1.1/DTD/svg11.dtd">
<!-- Generated by graphviz version 9.0.0 (20230911.1827)
 -->
<!-- Pages: 1 -->
<svg width="685pt" height="692pt"
 viewBox="0.00 0.00 684.51 692.00" xmlns="http://www.w3.org/2000/svg" xmlns:xlink="http://www.w3.org/1999/xlink">
<g id="graph0" class="graph" transform="scale(1 1) rotate(0) translate(4 688)">
<polygon fill="white" stroke="none" points="-4,4 -4,-688 680.51,-688 680.51,4 -4,4"/>
<!-- Sort_0_None__ -->
<g id="node1" class="node">
<title>Sort_0_None__</title>
<g id="a_node1"><a xlink:href="#" xlink:title="Sort&#10;Node Type: Sort&#10;Startup Cost: 48381.64&#10;Total Cost: 48385.14&#10;Plan Rows: 1401&#10;Plan Width: 36&#10;Actual Rows: 923&#10;Actual Loops: 1&#10;Sort Key: [&#39;(sum((partsupp.ps_supplycost * (partsupp.ps_availqty)::numeric))) DESC&#39;]&#10;Sort Method: quicksort&#10;Sort Space Used: 75&#10;Sort Space Type: Memory&#10;Shared Hit Blocks: 33551&#10;Shared Read Blocks: 2988&#10;Shared Dirtied Blocks: 0&#10;Shared Written Blocks: 0&#10;Local Hit Blocks: 0&#10;Local Read Blocks: 0&#10;Local Dirtied Blocks: 0&#10;Local Written Blocks: 0&#10;Temp Read Blocks: 0&#10;Temp Written Blocks: 0">
<ellipse fill="none" stroke="black" cx="301" cy="-18" rx="27" ry="18"/>
<text text-anchor="middle" x="301" y="-12.57" font-family="Times New Roman,serif" font-size="14.00">Sort</text>
</a>
</g>
</g>
<!-- Aggregate_1_0__Plain -->
<g id="node2" class="node">
<title>Aggregate_1_0__Plain</title>
<g id="a_node2"><a xlink:href="#" xlink:title="Aggregate&#10;Node Type: Aggregate&#10;Strategy: Plain&#10;Partial Mode: Finalize&#10;Parent Relationship: InitPlan&#10;Subplan Name: InitPlan 1 (returns $1)&#10;Startup Cost: 23430.64&#10;Total Cost: 23430.65&#10;Plan Rows: 1&#10;Plan Width: 32&#10;Actual Rows: 1&#10;Actual Loops: 1&#10;Shared Hit Blocks: 16788&#10;Shared Read Blocks: 1494&#10;Shared Dirtied Blocks: 0&#10;Shared Written Blocks: 0&#10;Local Hit Blocks: 0&#10;Local Read Blocks: 0&#10;Local Dirtied Blocks: 0&#10;Local Written Blocks: 0&#10;Temp Read Blocks: 0&#10;Temp Written Blocks: 0">
<ellipse fill="none" stroke="black" cx="244" cy="-90" rx="48.07" ry="18"/>
<text text-anchor="middle" x="244" y="-84.58" font-family="Times New Roman,serif" font-size="14.00">Aggregate</text>
</a>
</g>
</g>
<!-- Aggregate_1_0__Plain&#45;&gt;Sort_0_None__ -->
<g id="edge1" class="edge">
<title>Aggregate_1_0__Plain&#45;&gt;Sort_0_None__</title>
<path fill="none" stroke="black" d="M257.5,-72.41C264.69,-63.59 273.65,-52.58 281.57,-42.86"/>
<polygon fill="black" stroke="black" points="284.19,-45.18 287.79,-35.21 278.77,-40.76 284.19,-45.18"/>
</g>
<!-- Gather_2_0__ -->
<g id="node3" class="node">
<title>Gather_2_0__</title>
<g id="a_node3"><a xlink:href="#" xlink:title="Gather&#10;Node Type: Gather&#10;Parent Relationship: Outer&#10;Startup Cost: 23430.41&#10;Total Cost: 23430.62&#10;Plan Rows: 2&#10;Plan Width: 32&#10;Actual Rows: 3&#10;Actual Loops: 1&#10;Workers Planned: 2&#10;Workers Launched: 2&#10;Single Copy: False&#10;Shared Hit Blocks: 16788&#10;Shared Read Blocks: 1494&#10;Shared Dirtied Blocks: 0&#10;Shared Written Blocks: 0&#10;Local Hit Blocks: 0&#10;Local Read Blocks: 0&#10;Local Dirtied Blocks: 0&#10;Local Written Blocks: 0&#10;Temp Read Blocks: 0&#10;Temp Written Blocks: 0">
<ellipse fill="none" stroke="black" cx="244" cy="-162" rx="35.6" ry="18"/>
<text text-anchor="middle" x="244" y="-156.57" font-family="Times New Roman,serif" font-size="14.00">Gather</text>
</a>
</g>
</g>
<!-- Gather_2_0__&#45;&gt;Aggregate_1_0__Plain -->
<g id="edge3" class="edge">
<title>Gather_2_0__&#45;&gt;Aggregate_1_0__Plain</title>
<path fill="none" stroke="black" d="M244,-143.7C244,-136.41 244,-127.73 244,-119.54"/>
<polygon fill="black" stroke="black" points="247.5,-119.62 244,-109.62 240.5,-119.62 247.5,-119.62"/>
</g>
<!-- Aggregate_3_0__Plain -->
<g id="node4" class="node">
<title>Aggregate_3_0__Plain</title>
<g id="a_node4"><a xlink:href="#" xlink:title="Aggregate&#10;Node Type: Aggregate&#10;Strategy: Plain&#10;Partial Mode: Partial&#10;Parent Relationship: Outer&#10;Startup Cost: 22430.41&#10;Total Cost: 22430.42&#10;Plan Rows: 1&#10;Plan Width: 32&#10;Actual Rows: 1&#10;Actual Loops: 3&#10;Shared Hit Blocks: 16788&#10;Shared Read Blocks: 1494&#10;Shared Dirtied Blocks: 0&#10;Shared Written Blocks: 0&#10;Local Hit Blocks: 0&#10;Local Read Blocks: 0&#10;Local Dirtied Blocks: 0&#10;Local Written Blocks: 0&#10;Temp Read Blocks: 0&#10;Temp Written Blocks: 0">
<ellipse fill="none" stroke="black" cx="227" cy="-234" rx="48.07" ry="18"/>
<text text-anchor="middle" x="227" y="-228.57" font-family="Times New Roman,serif" font-size="14.00">Aggregate</text>
</a>
</g>
</g>
<!-- Aggregate_3_0__Plain&#45;&gt;Gather_2_0__ -->
<g id="edge4" class="edge">
<title>Aggregate_3_0__Plain&#45;&gt;Gather_2_0__</title>
<path fill="none" stroke="black" d="M231.2,-215.7C232.99,-208.32 235.13,-199.52 237.13,-191.25"/>
<polygon fill="black" stroke="black" points="240.53,-192.12 239.48,-181.58 233.72,-190.47 240.53,-192.12"/>
</g>
<!-- Hash Join_4_0__ -->
<g id="node5" class="node">
<title>Hash Join_4_0__</title>
<g id="a_node5"><a xlink:href="#" xlink:title="Hash Join&#10;Node Type: Hash Join&#10;Parent Relationship: Outer&#10;Join Type: Inner&#10;Startup Cost: 361.78&#10;Total Cost: 22415.7&#10;Plan Rows: 1961&#10;Plan Width: 10&#10;Actual Rows: 10560&#10;Actual Loops: 3&#10;Inner Unique: False&#10;Hash Cond: (partsupp_1.ps_suppkey = supplier_1.s_suppkey)&#10;Shared Hit Blocks: 16788&#10;Shared Read Blocks: 1494&#10;Shared Dirtied Blocks: 0&#10;Shared Written Blocks: 0&#10;Local Hit Blocks: 0&#10;Local Read Blocks: 0&#10;Local Dirtied Blocks: 0&#10;Local Written Blocks: 0&#10;Temp Read Blocks: 0&#10;Temp Written Blocks: 0">
<ellipse fill="none" stroke="black" cx="218" cy="-306" rx="47.07" ry="18"/>
<text text-anchor="middle" x="218" y="-300.57" font-family="Times New Roman,serif" font-size="14.00">Hash Join</text>
</a>
</g>
</g>
<!-- Hash Join_4_0__&#45;&gt;Aggregate_3_0__Plain -->
<g id="edge5" class="edge">
<title>Hash Join_4_0__&#45;&gt;Aggregate_3_0__Plain</title>
<path fill="none" stroke="black" d="M220.22,-287.7C221.17,-280.32 222.3,-271.52 223.36,-263.25"/>
<polygon fill="black" stroke="black" points="226.8,-263.97 224.6,-253.61 219.86,-263.08 226.8,-263.97"/>
</g>
<!-- Seq Scan_5_0_partsupp_1_ -->
<g id="node6" class="node">
<title>Seq Scan_5_0_partsupp_1_</title>
<g id="a_node6"><a xlink:href="#" xlink:title="Seq Scan&#10;Node Type: Seq Scan&#10;Parent Relationship: Outer&#10;Relation Name: partsupp&#10;Alias: partsupp_1&#10;Startup Cost: 0.0&#10;Total Cost: 20784.33&#10;Plan Rows: 333333&#10;Plan Width: 14&#10;Actual Rows: 266667&#10;Actual Loops: 3&#10;Shared Hit Blocks: 15957&#10;Shared Read Blocks: 1494&#10;Shared Dirtied Blocks: 0&#10;Shared Written Blocks: 0&#10;Local Hit Blocks: 0&#10;Local Read Blocks: 0&#10;Local Dirtied Blocks: 0&#10;Local Written Blocks: 0&#10;Temp Read Blocks: 0&#10;Temp Written Blocks: 0">
<ellipse fill="none" stroke="black" cx="85" cy="-378" rx="85" ry="18"/>
<text text-anchor="middle" x="85" y="-372.57" font-family="Times New Roman,serif" font-size="14.00">Seq Scan(partsupp)</text>
</a>
</g>
</g>
<!-- Seq Scan_5_0_partsupp_1_&#45;&gt;Hash Join_4_0__ -->
<g id="edge6" class="edge">
<title>Seq Scan_5_0_partsupp_1_&#45;&gt;Hash Join_4_0__</title>
<path fill="none" stroke="black" d="M115.84,-360.76C135.41,-350.47 160.81,-337.1 181.39,-326.26"/>
<polygon fill="black" stroke="black" points="182.8,-329.48 190.02,-321.72 179.54,-323.28 182.8,-329.48"/>
</g>
<!-- Hash_5_1__ -->
<g id="node7" class="node">
<title>Hash_5_1__</title>
<g id="a_node7"><a xlink:href="#" xlink:title="Hash&#10;Node Type: Hash&#10;Parent Relationship: Inner&#10;Startup Cost: 361.04&#10;Total Cost: 361.04&#10;Plan Rows: 59&#10;Plan Width: 4&#10;Actual Rows: 396&#10;Actual Loops: 3&#10;Hash Buckets: 1024&#10;Original Hash Buckets: 1024&#10;Hash Batches: 1&#10;Original Hash Batches: 1&#10;Peak Memory Usage: 22&#10;Shared Hit Blocks: 669&#10;Shared Read Blocks: 0&#10;Shared Dirtied Blocks: 0&#10;Shared Written Blocks: 0&#10;Local Hit Blocks: 0&#10;Local Read Blocks: 0&#10;Local Dirtied Blocks: 0&#10;Local Written Blocks: 0&#10;Temp Read Blocks: 0&#10;Temp Written Blocks: 0">
<ellipse fill="none" stroke="black" cx="218" cy="-378" rx="29.61" ry="18"/>
<text text-anchor="middle" x="218" y="-372.57" font-family="Times New Roman,serif" font-size="14.00">Hash</text>
</a>
</g>
</g>
<!-- Hash_5_1__&#45;&gt;Hash Join_4_0__ -->
<g id="edge7" class="edge">
<title>Hash_5_1__&#45;&gt;Hash Join_4_0__</title>
<path fill="none" stroke="black" d="M218,-359.7C218,-352.41 218,-343.73 218,-335.54"/>
<polygon fill="black" stroke="black" points="221.5,-335.62 218,-325.62 214.5,-335.62 221.5,-335.62"/>
</g>
<!-- Hash Join_6_0__ -->
<g id="node8" class="node">
<title>Hash Join_6_0__</title>
<g id="a_node8"><a xlink:href="#" xlink:title="Hash Join&#10;Node Type: Hash Join&#10;Parent Relationship: Outer&#10;Join Type: Inner&#10;Startup Cost: 12.14&#10;Total Cost: 361.04&#10;Plan Rows: 59&#10;Plan Width: 4&#10;Actual Rows: 396&#10;Actual Loops: 3&#10;Inner Unique: True&#10;Hash Cond: (supplier_1.s_nationkey = nation_1.n_nationkey)&#10;Shared Hit Blocks: 669&#10;Shared Read Blocks: 0&#10;Shared Dirtied Blocks: 0&#10;Shared Written Blocks: 0&#10;Local Hit Blocks: 0&#10;Local Read Blocks: 0&#10;Local Dirtied Blocks: 0&#10;Local Written Blocks: 0&#10;Temp Read Blocks: 0&#10;Temp Written Blocks: 0">
<ellipse fill="none" stroke="black" cx="217" cy="-450" rx="47.07" ry="18"/>
<text text-anchor="middle" x="217" y="-444.57" font-family="Times New Roman,serif" font-size="14.00">Hash Join</text>
</a>
</g>
</g>
<!-- Hash Join_6_0__&#45;&gt;Hash_5_1__ -->
<g id="edge8" class="edge">
<title>Hash Join_6_0__&#45;&gt;Hash_5_1__</title>
<path fill="none" stroke="black" d="M217.24,-431.7C217.35,-424.41 217.47,-415.73 217.59,-407.54"/>
<polygon fill="black" stroke="black" points="221.09,-407.67 217.73,-397.62 214.09,-407.57 221.09,-407.67"/>
</g>
<!-- Seq Scan_7_0_supplier_1_ -->
<g id="node9" class="node">
<title>Seq Scan_7_0_supplier_1_</title>
<g id="a_node9"><a xlink:href="#" xlink:title="Seq Scan&#10;Node Type: Seq Scan&#10;Parent Relationship: Outer&#10;Relation Name: supplier&#10;Alias: supplier_1&#10;Startup Cost: 0.0&#10;Total Cost: 322.0&#10;Plan Rows: 10000&#10;Plan Width: 8&#10;Actual Rows: 10000&#10;Actual Loops: 3&#10;Shared Hit Blocks: 666&#10;Shared Read Blocks: 0&#10;Shared Dirtied Blocks: 0&#10;Shared Written Blocks: 0&#10;Local Hit Blocks: 0&#10;Local Read Blocks: 0&#10;Local Dirtied Blocks: 0&#10;Local Written Blocks: 0&#10;Temp Read Blocks: 0&#10;Temp Written Blocks: 0">
<ellipse fill="none" stroke="black" cx="116" cy="-522" rx="81.5" ry="18"/>
<text text-anchor="middle" x="116" y="-516.58" font-family="Times New Roman,serif" font-size="14.00">Seq Scan(supplier)</text>
</a>
</g>
</g>
<!-- Seq Scan_7_0_supplier_1_&#45;&gt;Hash Join_6_0__ -->
<g id="edge9" class="edge">
<title>Seq Scan_7_0_supplier_1_&#45;&gt;Hash Join_6_0__</title>
<path fill="none" stroke="black" d="M139.93,-504.41C153.62,-494.93 170.94,-482.92 185.7,-472.69"/>
<polygon fill="black" stroke="black" points="187.49,-475.71 193.71,-467.14 183.5,-469.96 187.49,-475.71"/>
</g>
<!-- Hash_7_1__ -->
<g id="node10" class="node">
<title>Hash_7_1__</title>
<g id="a_node10"><a xlink:href="#" xlink:title="Hash&#10;Node Type: Hash&#10;Parent Relationship: Inner&#10;Startup Cost: 12.13&#10;Total Cost: 12.13&#10;Plan Rows: 1&#10;Plan Width: 4&#10;Actual Rows: 1&#10;Actual Loops: 3&#10;Hash Buckets: 1024&#10;Original Hash Buckets: 1024&#10;Hash Batches: 1&#10;Original Hash Batches: 1&#10;Peak Memory Usage: 9&#10;Shared Hit Blocks: 3&#10;Shared Read Blocks: 0&#10;Shared Dirtied Blocks: 0&#10;Shared Written Blocks: 0&#10;Local Hit Blocks: 0&#10;Local Read Blocks: 0&#10;Local Dirtied Blocks: 0&#10;Local Written Blocks: 0&#10;Temp Read Blocks: 0&#10;Temp Written Blocks: 0">
<ellipse fill="none" stroke="black" cx="245" cy="-522" rx="29.61" ry="18"/>
<text text-anchor="middle" x="245" y="-516.58" font-family="Times New Roman,serif" font-size="14.00">Hash</text>
</a>
</g>
</g>
<!-- Hash_7_1__&#45;&gt;Hash Join_6_0__ -->
<g id="edge10" class="edge">
<title>Hash_7_1__&#45;&gt;Hash Join_6_0__</title>
<path fill="none" stroke="black" d="M238.22,-504.05C235.2,-496.52 231.57,-487.44 228.17,-478.94"/>
<polygon fill="black" stroke="black" points="231.43,-477.67 224.47,-469.68 224.93,-480.27 231.43,-477.67"/>
</g>
<!-- Seq Scan_8_0_nation_1_ -->
<g id="node11" class="node">
<title>Seq Scan_8_0_nation_1_</title>
<g id="a_node11"><a xlink:href="#" xlink:title="Seq Scan&#10;Node Type: Seq Scan&#10;Parent Relationship: Outer&#10;Relation Name: nation&#10;Alias: nation_1&#10;Startup Cost: 0.0&#10;Total Cost: 12.13&#10;Plan Rows: 1&#10;Plan Width: 4&#10;Actual Rows: 1&#10;Actual Loops: 3&#10;Filter: (n_name = &#39;GERMANY&#39;::bpchar)&#10;Rows Removed by Filter: 24&#10;Shared Hit Blocks: 3&#10;Shared Read Blocks: 0&#10;Shared Dirtied Blocks: 0&#10;Shared Written Blocks: 0&#10;Local Hit Blocks: 0&#10;Local Read Blocks: 0&#10;Local Dirtied Blocks: 0&#10;Local Written Blocks: 0&#10;Temp Read Blocks: 0&#10;Temp Written Blocks: 0">
<ellipse fill="none" stroke="black" cx="245" cy="-594" rx="74.52" ry="18"/>
<text text-anchor="middle" x="245" y="-588.58" font-family="Times New Roman,serif" font-size="14.00">Seq Scan(nation)</text>
</a>
</g>
</g>
<!-- Seq Scan_8_0_nation_1_&#45;&gt;Hash_7_1__ -->
<g id="edge11" class="edge">
<title>Seq Scan_8_0_nation_1_&#45;&gt;Hash_7_1__</title>
<path fill="none" stroke="black" d="M245,-575.7C245,-568.41 245,-559.73 245,-551.54"/>
<polygon fill="black" stroke="black" points="248.5,-551.62 245,-541.62 241.5,-551.62 248.5,-551.62"/>
</g>
<!-- Aggregate_1_1__Sorted -->
<g id="node12" class="node">
<title>Aggregate_1_1__Sorted</title>
<g id="a_node12"><a xlink:href="#" xlink:title="Aggregate&#10;Node Type: Aggregate&#10;Strategy: Sorted&#10;Partial Mode: Finalize&#10;Parent Relationship: Outer&#10;Startup Cost: 24340.48&#10;Total Cost: 24877.77&#10;Plan Rows: 1401&#10;Plan Width: 36&#10;Actual Rows: 923&#10;Actual Loops: 1&#10;Group Key: [&#39;partsupp.ps_partkey&#39;]&#10;Filter: (sum((partsupp.ps_supplycost * (partsupp.ps_availqty)::numeric)) &gt; $1)&#10;Rows Removed by Filter: 25388&#10;Shared Hit Blocks: 33548&#10;Shared Read Blocks: 2988&#10;Shared Dirtied Blocks: 0&#10;Shared Written Blocks: 0&#10;Local Hit Blocks: 0&#10;Local Read Blocks: 0&#10;Local Dirtied Blocks: 0&#10;Local Written Blocks: 0&#10;Temp Read Blocks: 0&#10;Temp Written Blocks: 0">
<ellipse fill="none" stroke="black" cx="359" cy="-90" rx="48.07" ry="18"/>
<text text-anchor="middle" x="359" y="-84.58" font-family="Times New Roman,serif" font-size="14.00">Aggregate</text>
</a>
</g>
</g>
<!-- Aggregate_1_1__Sorted&#45;&gt;Sort_0_None__ -->
<g id="edge2" class="edge">
<title>Aggregate_1_1__Sorted&#45;&gt;Sort_0_None__</title>
<path fill="none" stroke="black" d="M345.25,-72.41C337.94,-63.59 328.82,-52.58 320.76,-42.86"/>
<polygon fill="black" stroke="black" points="323.5,-40.67 314.42,-35.2 318.11,-45.14 323.5,-40.67"/>
</g>
<!-- Gather Merge_2_0__ -->
<g id="node13" class="node">
<title>Gather Merge_2_0__</title>
<g id="a_node13"><a xlink:href="#" xlink:title="Gather Merge&#10;Node Type: Gather Merge&#10;Parent Relationship: Outer&#10;Startup Cost: 24340.48&#10;Total Cost: 24788.48&#10;Plan Rows: 3502&#10;Plan Width: 36&#10;Actual Rows: 26319&#10;Actual Loops: 1&#10;Workers Planned: 2&#10;Workers Launched: 2&#10;Shared Hit Blocks: 16760&#10;Shared Read Blocks: 1494&#10;Shared Dirtied Blocks: 0&#10;Shared Written Blocks: 0&#10;Local Hit Blocks: 0&#10;Local Read Blocks: 0&#10;Local Dirtied Blocks: 0&#10;Local Written Blocks: 0&#10;Temp Read Blocks: 0&#10;Temp Written Blocks: 0">
<ellipse fill="none" stroke="black" cx="361" cy="-162" rx="61.54" ry="18"/>
<text text-anchor="middle" x="361" y="-156.57" font-family="Times New Roman,serif" font-size="14.00">Gather Merge</text>
</a>
</g>
</g>
<!-- Gather Merge_2_0__&#45;&gt;Aggregate_1_1__Sorted -->
<g id="edge12" class="edge">
<title>Gather Merge_2_0__&#45;&gt;Aggregate_1_1__Sorted</title>
<path fill="none" stroke="black" d="M360.5,-143.7C360.29,-136.41 360.04,-127.73 359.81,-119.54"/>
<polygon fill="black" stroke="black" points="363.31,-119.51 359.53,-109.62 356.31,-119.71 363.31,-119.51"/>
</g>
<!-- Aggregate_3_0__Sorted -->
<g id="node14" class="node">
<title>Aggregate_3_0__Sorted</title>
<g id="a_node14"><a xlink:href="#" xlink:title="Aggregate&#10;Node Type: Aggregate&#10;Strategy: Sorted&#10;Partial Mode: Partial&#10;Parent Relationship: Outer&#10;Startup Cost: 23340.46&#10;Total Cost: 23384.24&#10;Plan Rows: 1751&#10;Plan Width: 36&#10;Actual Rows: 8773&#10;Actual Loops: 3&#10;Group Key: [&#39;partsupp.ps_partkey&#39;]&#10;Shared Hit Blocks: 16760&#10;Shared Read Blocks: 1494&#10;Shared Dirtied Blocks: 0&#10;Shared Written Blocks: 0&#10;Local Hit Blocks: 0&#10;Local Read Blocks: 0&#10;Local Dirtied Blocks: 0&#10;Local Written Blocks: 0&#10;Temp Read Blocks: 0&#10;Temp Written Blocks: 0">
<ellipse fill="none" stroke="black" cx="362" cy="-234" rx="48.07" ry="18"/>
<text text-anchor="middle" x="362" y="-228.57" font-family="Times New Roman,serif" font-size="14.00">Aggregate</text>
</a>
</g>
</g>
<!-- Aggregate_3_0__Sorted&#45;&gt;Gather Merge_2_0__ -->
<g id="edge13" class="edge">
<title>Aggregate_3_0__Sorted&#45;&gt;Gather Merge_2_0__</title>
<path fill="none" stroke="black" d="M361.75,-215.7C361.64,-208.41 361.52,-199.73 361.4,-191.54"/>
<polygon fill="black" stroke="black" points="364.9,-191.57 361.26,-181.62 357.9,-191.67 364.9,-191.57"/>
</g>
<!-- Sort_4_0__ -->
<g id="node15" class="node">
<title>Sort_4_0__</title>
<g id="a_node15"><a xlink:href="#" xlink:title="Sort&#10;Node Type: Sort&#10;Parent Relationship: Outer&#10;Startup Cost: 23340.46&#10;Total Cost: 23344.84&#10;Plan Rows: 1751&#10;Plan Width: 14&#10;Actual Rows: 9262&#10;Actual Loops: 3&#10;Sort Key: [&#39;partsupp.ps_partkey&#39;]&#10;Sort Method: quicksort&#10;Sort Space Used: 1040&#10;Sort Space Type: Memory&#10;Shared Hit Blocks: 16760&#10;Shared Read Blocks: 1494&#10;Shared Dirtied Blocks: 0&#10;Shared Written Blocks: 0&#10;Local Hit Blocks: 0&#10;Local Read Blocks: 0&#10;Local Dirtied Blocks: 0&#10;Local Written Blocks: 0&#10;Temp Read Blocks: 0&#10;Temp Written Blocks: 0">
<ellipse fill="none" stroke="black" cx="363" cy="-306" rx="27" ry="18"/>
<text text-anchor="middle" x="363" y="-300.57" font-family="Times New Roman,serif" font-size="14.00">Sort</text>
</a>
</g>
</g>
<!-- Sort_4_0__&#45;&gt;Aggregate_3_0__Sorted -->
<g id="edge14" class="edge">
<title>Sort_4_0__&#45;&gt;Aggregate_3_0__Sorted</title>
<path fill="none" stroke="black" d="M362.75,-287.7C362.64,-280.41 362.52,-271.73 362.4,-263.54"/>
<polygon fill="black" stroke="black" points="365.9,-263.57 362.26,-253.62 358.9,-263.67 365.9,-263.57"/>
</g>
<!-- Hash Join_5_0__ -->
<g id="node16" class="node">
<title>Hash Join_5_0__</title>
<g id="a_node16"><a xlink:href="#" xlink:title="Hash Join&#10;Node Type: Hash Join&#10;Parent Relationship: Outer&#10;Join Type: Inner&#10;Startup Cost: 384.3&#10;Total Cost: 23246.13&#10;Plan Rows: 1751&#10;Plan Width: 14&#10;Actual Rows: 9262&#10;Actual Loops: 3&#10;Inner Unique: False&#10;Hash Cond: (partsupp.ps_suppkey = supplier.s_suppkey)&#10;Shared Hit Blocks: 16648&#10;Shared Read Blocks: 1494&#10;Shared Dirtied Blocks: 0&#10;Shared Written Blocks: 0&#10;Local Hit Blocks: 0&#10;Local Read Blocks: 0&#10;Local Dirtied Blocks: 0&#10;Local Written Blocks: 0&#10;Temp Read Blocks: 0&#10;Temp Written Blocks: 0">
<ellipse fill="none" stroke="black" cx="367" cy="-378" rx="47.07" ry="18"/>
<text text-anchor="middle" x="367" y="-372.57" font-family="Times New Roman,serif" font-size="14.00">Hash Join</text>
</a>
</g>
</g>
<!-- Hash Join_5_0__&#45;&gt;Sort_4_0__ -->
<g id="edge15" class="edge">
<title>Hash Join_5_0__&#45;&gt;Sort_4_0__</title>
<path fill="none" stroke="black" d="M366.01,-359.7C365.59,-352.41 365.09,-343.73 364.63,-335.54"/>
<polygon fill="black" stroke="black" points="368.12,-335.4 364.06,-325.62 361.14,-335.8 368.12,-335.4"/>
</g>
<!-- Seq Scan_6_0_partsupp_ -->
<g id="node17" class="node">
<title>Seq Scan_6_0_partsupp_</title>
<g id="a_node17"><a xlink:href="#" xlink:title="Seq Scan&#10;Node Type: Seq Scan&#10;Parent Relationship: Outer&#10;Relation Name: partsupp&#10;Alias: partsupp&#10;Startup Cost: 0.0&#10;Total Cost: 21617.67&#10;Plan Rows: 327088&#10;Plan Width: 18&#10;Actual Rows: 261641&#10;Actual Loops: 3&#10;Filter: (ps_supplycost &gt; &#39;20&#39;::numeric)&#10;Rows Removed by Filter: 5026&#10;Shared Hit Blocks: 15957&#10;Shared Read Blocks: 1494&#10;Shared Dirtied Blocks: 0&#10;Shared Written Blocks: 0&#10;Local Hit Blocks: 0&#10;Local Read Blocks: 0&#10;Local Dirtied Blocks: 0&#10;Local Written Blocks: 0&#10;Temp Read Blocks: 0&#10;Temp Written Blocks: 0">
<ellipse fill="none" stroke="black" cx="367" cy="-450" rx="85" ry="18"/>
<text text-anchor="middle" x="367" y="-444.57" font-family="Times New Roman,serif" font-size="14.00">Seq Scan(partsupp)</text>
</a>
</g>
</g>
<!-- Seq Scan_6_0_partsupp_&#45;&gt;Hash Join_5_0__ -->
<g id="edge16" class="edge">
<title>Seq Scan_6_0_partsupp_&#45;&gt;Hash Join_5_0__</title>
<path fill="none" stroke="black" d="M367,-431.7C367,-424.41 367,-415.73 367,-407.54"/>
<polygon fill="black" stroke="black" points="370.5,-407.62 367,-397.62 363.5,-407.62 370.5,-407.62"/>
</g>
<!-- Hash_6_1__ -->
<g id="node18" class="node">
<title>Hash_6_1__</title>
<g id="a_node18"><a xlink:href="#" xlink:title="Hash&#10;Node Type: Hash&#10;Parent Relationship: Inner&#10;Startup Cost: 383.62&#10;Total Cost: 383.62&#10;Plan Rows: 54&#10;Plan Width: 4&#10;Actual Rows: 354&#10;Actual Loops: 3&#10;Hash Buckets: 1024&#10;Original Hash Buckets: 1024&#10;Hash Batches: 1&#10;Original Hash Batches: 1&#10;Peak Memory Usage: 21&#10;Shared Hit Blocks: 669&#10;Shared Read Blocks: 0&#10;Shared Dirtied Blocks: 0&#10;Shared Written Blocks: 0&#10;Local Hit Blocks: 0&#10;Local Read Blocks: 0&#10;Local Dirtied Blocks: 0&#10;Local Written Blocks: 0&#10;Temp Read Blocks: 0&#10;Temp Written Blocks: 0">
<ellipse fill="none" stroke="black" cx="500" cy="-450" rx="29.61" ry="18"/>
<text text-anchor="middle" x="500" y="-444.57" font-family="Times New Roman,serif" font-size="14.00">Hash</text>
</a>
</g>
</g>
<!-- Hash_6_1__&#45;&gt;Hash Join_5_0__ -->
<g id="edge17" class="edge">
<title>Hash_6_1__&#45;&gt;Hash Join_5_0__</title>
<path fill="none" stroke="black" d="M478.03,-437.44C457.85,-426.82 427.54,-410.87 403.69,-398.31"/>
<polygon fill="black" stroke="black" points="405.39,-395.25 394.91,-393.69 402.13,-401.45 405.39,-395.25"/>
</g>
<!-- Hash Join_7_0__ -->
<g id="node19" class="node">
<title>Hash Join_7_0__</title>
<g id="a_node19"><a xlink:href="#" xlink:title="Hash Join&#10;Node Type: Hash Join&#10;Parent Relationship: Outer&#10;Join Type: Inner&#10;Startup Cost: 12.14&#10;Total Cost: 383.62&#10;Plan Rows: 54&#10;Plan Width: 4&#10;Actual Rows: 354&#10;Actual Loops: 3&#10;Inner Unique: True&#10;Hash Cond: (supplier.s_nationkey = nation.n_nationkey)&#10;Shared Hit Blocks: 669&#10;Shared Read Blocks: 0&#10;Shared Dirtied Blocks: 0&#10;Shared Written Blocks: 0&#10;Local Hit Blocks: 0&#10;Local Read Blocks: 0&#10;Local Dirtied Blocks: 0&#10;Local Written Blocks: 0&#10;Temp Read Blocks: 0&#10;Temp Written Blocks: 0">
<ellipse fill="none" stroke="black" cx="500" cy="-522" rx="47.07" ry="18"/>
<text text-anchor="middle" x="500" y="-516.58" font-family="Times New Roman,serif" font-size="14.00">Hash Join</text>
</a>
</g>
</g>
<!-- Hash Join_7_0__&#45;&gt;Hash_6_1__ -->
<g id="edge18" class="edge">
<title>Hash Join_7_0__&#45;&gt;Hash_6_1__</title>
<path fill="none" stroke="black" d="M500,-503.7C500,-496.41 500,-487.73 500,-479.54"/>
<polygon fill="black" stroke="black" points="503.5,-479.62 500,-469.62 496.5,-479.62 503.5,-479.62"/>
</g>
<!-- Seq Scan_8_0_supplier_ -->
<g id="node20" class="node">
<title>Seq Scan_8_0_supplier_</title>
<g id="a_node20"><a xlink:href="#" xlink:title="Seq Scan&#10;Node Type: Seq Scan&#10;Parent Relationship: Outer&#10;Relation Name: supplier&#10;Alias: supplier&#10;Startup Cost: 0.0&#10;Total Cost: 347.0&#10;Plan Rows: 9099&#10;Plan Width: 8&#10;Actual Rows: 9094&#10;Actual Loops: 3&#10;Filter: (s_acctbal &gt; &#39;10&#39;::numeric)&#10;Rows Removed by Filter: 906&#10;Shared Hit Blocks: 666&#10;Shared Read Blocks: 0&#10;Shared Dirtied Blocks: 0&#10;Shared Written Blocks: 0&#10;Local Hit Blocks: 0&#10;Local Read Blocks: 0&#10;Local Dirtied Blocks: 0&#10;Local Written Blocks: 0&#10;Temp Read Blocks: 0&#10;Temp Written Blocks: 0">
<ellipse fill="none" stroke="black" cx="473" cy="-594" rx="81.5" ry="18"/>
<text text-anchor="middle" x="473" y="-588.58" font-family="Times New Roman,serif" font-size="14.00">Seq Scan(supplier)</text>
</a>
</g>
</g>
<!-- Seq Scan_8_0_supplier_&#45;&gt;Hash Join_7_0__ -->
<g id="edge19" class="edge">
<title>Seq Scan_8_0_supplier_&#45;&gt;Hash Join_7_0__</title>
<path fill="none" stroke="black" d="M479.67,-575.7C482.58,-568.15 486.06,-559.12 489.32,-550.68"/>
<polygon fill="black" stroke="black" points="492.52,-552.11 492.85,-541.52 485.99,-549.59 492.52,-552.11"/>
</g>
<!-- Hash_8_1__ -->
<g id="node21" class="node">
<title>Hash_8_1__</title>
<g id="a_node21"><a xlink:href="#" xlink:title="Hash&#10;Node Type: Hash&#10;Parent Relationship: Inner&#10;Startup Cost: 12.13&#10;Total Cost: 12.13&#10;Plan Rows: 1&#10;Plan Width: 4&#10;Actual Rows: 1&#10;Actual Loops: 3&#10;Hash Buckets: 1024&#10;Original Hash Buckets: 1024&#10;Hash Batches: 1&#10;Original Hash Batches: 1&#10;Peak Memory Usage: 9&#10;Shared Hit Blocks: 3&#10;Shared Read Blocks: 0&#10;Shared Dirtied Blocks: 0&#10;Shared Written Blocks: 0&#10;Local Hit Blocks: 0&#10;Local Read Blocks: 0&#10;Local Dirtied Blocks: 0&#10;Local Written Blocks: 0&#10;Temp Read Blocks: 0&#10;Temp Written Blocks: 0">
<ellipse fill="none" stroke="black" cx="602" cy="-594" rx="29.61" ry="18"/>
<text text-anchor="middle" x="602" y="-588.58" font-family="Times New Roman,serif" font-size="14.00">Hash</text>
</a>
</g>
</g>
<!-- Hash_8_1__&#45;&gt;Hash Join_7_0__ -->
<g id="edge20" class="edge">
<title>Hash_8_1__&#45;&gt;Hash Join_7_0__</title>
<path fill="none" stroke="black" d="M582.81,-579.83C568.43,-569.97 548.44,-556.25 531.7,-544.76"/>
<polygon fill="black" stroke="black" points="533.76,-541.93 523.54,-539.16 529.8,-547.7 533.76,-541.93"/>
</g>
<!-- Seq Scan_9_0_nation_ -->
<g id="node22" class="node">
<title>Seq Scan_9_0_nation_</title>
<g id="a_node22"><a xlink:href="#" xlink:title="Seq Scan&#10;Node Type: Seq Scan&#10;Parent Relationship: Outer&#10;Relation Name: nation&#10;Alias: nation&#10;Startup Cost: 0.0&#10;Total Cost: 12.13&#10;Plan Rows: 1&#10;Plan Width: 4&#10;Actual Rows: 1&#10;Actual Loops: 3&#10;Filter: (n_name = &#39;GERMANY&#39;::bpchar)&#10;Rows Removed by Filter: 24&#10;Shared Hit Blocks: 3&#10;Shared Read Blocks: 0&#10;Shared Dirtied Blocks: 0&#10;Shared Written Blocks: 0&#10;Local Hit Blocks: 0&#10;Local Read Blocks: 0&#10;Local Dirtied Blocks: 0&#10;Local Written Blocks: 0&#10;Temp Read Blocks: 0&#10;Temp Written Blocks: 0">
<ellipse fill="none" stroke="black" cx="602" cy="-666" rx="74.52" ry="18"/>
<text text-anchor="middle" x="602" y="-660.58" font-family="Times New Roman,serif" font-size="14.00">Seq Scan(nation)</text>
</a>
</g>
</g>
<!-- Seq Scan_9_0_nation_&#45;&gt;Hash_8_1__ -->
<g id="edge21" class="edge">
<title>Seq Scan_9_0_nation_&#45;&gt;Hash_8_1__</title>
<path fill="none" stroke="black" d="M602,-647.7C602,-640.41 602,-631.73 602,-623.54"/>
<polygon fill="black" stroke="black" points="605.5,-623.62 602,-613.62 598.5,-623.62 605.5,-623.62"/>
</g>
</g>
</svg>
